[debug] [2025-05-06T21:16:50.545Z] ----------------------------------------------------------------------
[debug] [2025-05-06T21:16:50.548Z] Command:       C:\nvm4w\nodejs\node.exe C:\nvm4w\nodejs\node_modules\firebase-tools\lib\bin\firebase.js init hosting
[debug] [2025-05-06T21:16:50.549Z] CLI Version:   14.2.2
[debug] [2025-05-06T21:16:50.549Z] Platform:      win32
[debug] [2025-05-06T21:16:50.549Z] Node Version:  v20.18.3
[debug] [2025-05-06T21:16:50.549Z] Time:          Tue May 06 2025 16:16:50 GMT-0500 (hora estándar de Colombia)
[debug] [2025-05-06T21:16:50.549Z] ----------------------------------------------------------------------
[debug] 
[debug] [2025-05-06T21:16:50.555Z] > command requires scopes: ["email","openid","https://www.googleapis.com/auth/cloudplatformprojects.readonly","https://www.googleapis.com/auth/firebase","https://www.googleapis.com/auth/cloud-platform"]
[debug] [2025-05-06T21:16:50.555Z] > authorizing via signed-in user (juancabrera1293@gmail.com)
[info] 
     ######## #### ########  ######## ########     ###     ######  ########
     ##        ##  ##     ## ##       ##     ##  ##   ##  ##       ##
     ######    ##  ########  ######   ########  #########  ######  ######
     ##        ##  ##    ##  ##       ##     ## ##     ##       ## ##
     ##       #### ##     ## ######## ########  ##     ##  ######  ########

You're about to initialize a Firebase project in this directory:

  C:\Users\juan_\Desktop\Proyecto\finanzas-seguridad-api\bslproject - frontend\bsltproject-bank

[info] 
=== Project Setup
[info] 
[info] First, let's associate this project directory with a Firebase project.
[info] You can create multiple project aliases by running firebase use --add, 
[info] but for now we'll just set up a default project.
[info] 
[debug] [2025-05-06T21:18:56.860Z] Checked if tokens are valid: true, expires at: 1746569788542
[debug] [2025-05-06T21:18:56.861Z] Checked if tokens are valid: true, expires at: 1746569788542
[debug] [2025-05-06T21:18:56.862Z] >>> [apiv2][query] GET https://firebase.googleapis.com/v1beta1/projects pageSize=100
[debug] [2025-05-06T21:18:57.372Z] <<< [apiv2][status] GET https://firebase.googleapis.com/v1beta1/projects 200
[debug] [2025-05-06T21:18:57.372Z] <<< [apiv2][body] GET https://firebase.googleapis.com/v1beta1/projects [omitted]
[info] i  Using project bancopurpura (BancoPurpura) 
[info] 
=== Hosting Setup
[debug] [2025-05-06T21:19:18.992Z] Checked if tokens are valid: true, expires at: 1746569788542
[debug] [2025-05-06T21:19:18.992Z] Checked if tokens are valid: true, expires at: 1746569788542
[debug] [2025-05-06T21:19:18.992Z] >>> [apiv2][query] GET https://firebase.googleapis.com/v1beta1/projects/bancopurpura [none]
[debug] [2025-05-06T21:19:19.417Z] <<< [apiv2][status] GET https://firebase.googleapis.com/v1beta1/projects/bancopurpura 200
[debug] [2025-05-06T21:19:19.417Z] <<< [apiv2][body] GET https://firebase.googleapis.com/v1beta1/projects/bancopurpura {"projectId":"bancopurpura","projectNumber":"82487395622","displayName":"BancoPurpura","name":"projects/bancopurpura","resources":{"hostingSite":"bancopurpura"},"state":"ACTIVE","etag":"1_ec8c7683-e4bc-4ec1-9609-58847bfdb8da"}
[info] 
[info] Your public directory is the folder (relative to your project directory) that
[info] will contain Hosting assets to be uploaded with firebase deploy. If you
[info] have a build process for your assets, use your build's output directory.
[info] 
